2016-05-09 10:52:11,979  INFO Program - ******************* Logging Configured ******************* (C:\Users\Doni Yusdinar\Documents\GitHub\MissionPlanner\AeroTerraPlanner\Program.cs:49) [1]
2016-05-09 10:52:13,018  INFO MissionPlanner.MainV2 - Mainv2 ctor (C:\Users\Doni Yusdinar\Documents\GitHub\MissionPlanner\AeroTerraPlanner\MainV2.cs:419) [Base Thread]
2016-05-09 10:52:13,024  INFO MissionPlanner.MainV2 - Saving config (C:\Users\Doni Yusdinar\Documents\GitHub\MissionPlanner\AeroTerraPlanner\MainV2.cs:1674) [Base Thread]
2016-05-09 10:52:13,187  INFO MissionPlanner.Utilities.Speech - TTS: init, mono = False (C:\Users\Doni Yusdinar\Documents\GitHub\MissionPlanner\ExtLibs\Utilities\Speech.cs:41) [Base Thread]
2016-05-09 10:52:13,244  INFO MissionPlanner.MainV2 - Create FD (C:\Users\Doni Yusdinar\Documents\GitHub\MissionPlanner\AeroTerraPlanner\MainV2.cs:647) [Base Thread]
2016-05-09 10:52:13,333  INFO MissionPlanner.GCSViews.FlightData - Ctor Start (C:\Users\Doni Yusdinar\Documents\GitHub\MissionPlanner\AeroTerraPlanner\GCSViews\FlightData.cs:168) [Base Thread]
2016-05-09 10:52:15,046  INFO MissionPlanner.GCSViews.FlightData - Components Done (C:\Users\Doni Yusdinar\Documents\GitHub\MissionPlanner\AeroTerraPlanner\GCSViews\FlightData.cs:172) [Base Thread]
2016-05-09 10:52:15,046  INFO MissionPlanner.GCSViews.FlightData - Tunning Graph Settings (C:\Users\Doni Yusdinar\Documents\GitHub\MissionPlanner\AeroTerraPlanner\GCSViews\FlightData.cs:187) [Base Thread]
2016-05-09 10:52:15,078  INFO MissionPlanner.GCSViews.FlightData - HUD Settings (C:\Users\Doni Yusdinar\Documents\GitHub\MissionPlanner\AeroTerraPlanner\GCSViews\FlightData.cs:228) [Base Thread]
2016-05-09 10:52:15,082  INFO MissionPlanner.Common - getModesList Called (C:\Users\Doni Yusdinar\Documents\GitHub\MissionPlanner\AeroTerraPlanner\Common.cs:702) [Base Thread]
2016-05-09 10:52:15,113  INFO MissionPlanner.GCSViews.FlightData - Graph Setup (C:\Users\Doni Yusdinar\Documents\GitHub\MissionPlanner\AeroTerraPlanner\GCSViews\FlightData.cs:272) [Base Thread]
2016-05-09 10:52:15,114  INFO MissionPlanner.GCSViews.FlightData - Map Setup (C:\Users\Doni Yusdinar\Documents\GitHub\MissionPlanner\AeroTerraPlanner\GCSViews\FlightData.cs:276) [Base Thread]
2016-05-09 10:52:15,747  INFO MissionPlanner.GCSViews.FlightDataCustom - Ctor Start (C:\Users\Doni Yusdinar\Documents\GitHub\MissionPlanner\AeroTerraPlanner\GCSViews\FlightDataCustom.cs:64) [Base Thread]
2016-05-09 10:52:15,816  INFO MissionPlanner.GCSViews.FlightDataCustom - Components Done (C:\Users\Doni Yusdinar\Documents\GitHub\MissionPlanner\AeroTerraPlanner\GCSViews\FlightDataCustom.cs:67) [Base Thread]
2016-05-09 10:52:15,817  INFO MissionPlanner.GCSViews.FlightDataCustom - Map Setup (C:\Users\Doni Yusdinar\Documents\GitHub\MissionPlanner\AeroTerraPlanner\GCSViews\FlightDataCustom.cs:93) [Base Thread]
2016-05-09 10:52:16,041  INFO MissionPlanner.MainV2 - Create FP (C:\Users\Doni Yusdinar\Documents\GitHub\MissionPlanner\AeroTerraPlanner\MainV2.cs:651) [Base Thread]
2016-05-09 10:52:16,168  INFO MissionPlanner.MainV2 - Create SIM (C:\Users\Doni Yusdinar\Documents\GitHub\MissionPlanner\AeroTerraPlanner\MainV2.cs:654) [Base Thread]
2016-05-09 10:52:16,219  INFO MissionPlanner.MainV2 - Saving config (C:\Users\Doni Yusdinar\Documents\GitHub\MissionPlanner\AeroTerraPlanner\MainV2.cs:1674) [Base Thread]
2016-05-09 10:52:16,224  INFO MissionPlanner.MainV2 - myview width 1356 height 688 (C:\Users\Doni Yusdinar\Documents\GitHub\MissionPlanner\AeroTerraPlanner\MainV2.cs:2703) [Base Thread]
2016-05-09 10:52:16,247  INFO MissionPlanner.MainV2 - this   width 1366 height 768 (C:\Users\Doni Yusdinar\Documents\GitHub\MissionPlanner\AeroTerraPlanner\MainV2.cs:2705) [Base Thread]
2016-05-09 10:52:17,326  INFO MissionPlanner.MainV2 - Load Pluggins (C:\Users\Doni Yusdinar\Documents\GitHub\MissionPlanner\AeroTerraPlanner\MainV2.cs:2403) [Base Thread]
2016-05-09 10:52:17,355  INFO MissionPlanner.Plugin.PluginLoader - Plugin Load C:\Users\Doni Yusdinar\Documents\GitHub\MissionPlanner\AeroTerraPlanner\bin\Debug\plugins\MissionPlanner.Grid.dll (C:\Users\Doni Yusdinar\Documents\GitHub\MissionPlanner\AeroTerraPlanner\Plugin\PluginLoader.cs:49) [Base Thread]
2016-05-09 10:52:17,357  INFO MissionPlanner.Plugin.PluginLoader - Plugin Init Grid 0.1 by Michael Oborne (C:\Users\Doni Yusdinar\Documents\GitHub\MissionPlanner\AeroTerraPlanner\Plugin\PluginLoader.cs:60) [Base Thread]
2016-05-09 10:52:17,360  INFO MissionPlanner.Plugin.PluginLoader - Plugin Load C:\Users\Doni Yusdinar\Documents\GitHub\MissionPlanner\AeroTerraPlanner\bin\Debug\plugins\MissionPlanner.Gridv2.dll (C:\Users\Doni Yusdinar\Documents\GitHub\MissionPlanner\AeroTerraPlanner\Plugin\PluginLoader.cs:49) [Base Thread]
2016-05-09 10:52:17,361  INFO MissionPlanner.Plugin.PluginLoader - Plugin Init Grid 0.1 by Michael Oborne (C:\Users\Doni Yusdinar\Documents\GitHub\MissionPlanner\AeroTerraPlanner\Plugin\PluginLoader.cs:60) [Base Thread]
2016-05-09 10:52:17,364  INFO MissionPlanner.Plugin.PluginLoader - Plugin Load C:\Users\Doni Yusdinar\Documents\GitHub\MissionPlanner\AeroTerraPlanner\bin\Debug\plugins\MissionPlanner.SimpleGrid.dll (C:\Users\Doni Yusdinar\Documents\GitHub\MissionPlanner\AeroTerraPlanner\Plugin\PluginLoader.cs:49) [Base Thread]
2016-05-09 10:52:17,366  INFO MissionPlanner.Plugin.PluginLoader - Plugin Init SimpleGrid 0.1 by Michael Oborne (C:\Users\Doni Yusdinar\Documents\GitHub\MissionPlanner\AeroTerraPlanner\Plugin\PluginLoader.cs:60) [Base Thread]
2016-05-09 10:52:17,369  INFO MissionPlanner.Plugin.PluginLoader - Plugin Load C:\Users\Doni Yusdinar\Documents\GitHub\MissionPlanner\AeroTerraPlanner\bin\Debug\plugins\MissionPlanner.Stats.dll (C:\Users\Doni Yusdinar\Documents\GitHub\MissionPlanner\AeroTerraPlanner\Plugin\PluginLoader.cs:49) [Base Thread]
2016-05-09 10:52:17,371  INFO MissionPlanner.Plugin.PluginLoader - Plugin Init Stats 0.1 by Michael Oborne (C:\Users\Doni Yusdinar\Documents\GitHub\MissionPlanner\AeroTerraPlanner\Plugin\PluginLoader.cs:60) [Base Thread]
2016-05-09 10:52:17,374  INFO MissionPlanner.Plugin.PluginLoader - Plugin Load C:\Users\Doni Yusdinar\Documents\GitHub\MissionPlanner\AeroTerraPlanner\bin\Debug\plugins\TrackerHome.dll (C:\Users\Doni Yusdinar\Documents\GitHub\MissionPlanner\AeroTerraPlanner\Plugin\PluginLoader.cs:49) [Base Thread]
2016-05-09 10:52:17,376  INFO MissionPlanner.Plugin.PluginLoader - Plugin Init GPS Tracker Home Plugin 1.0 by Will Bryan (C:\Users\Doni Yusdinar\Documents\GitHub\MissionPlanner\AeroTerraPlanner\Plugin\PluginLoader.cs:60) [Base Thread]
2016-05-09 10:52:17,405  INFO MissionPlanner.MainV2 - Load Pluggins Done (C:\Users\Doni Yusdinar\Documents\GitHub\MissionPlanner\AeroTerraPlanner\MainV2.cs:2405) [Base Thread]
2016-05-09 10:52:17,421  INFO MissionPlanner.Utilities.httpserver - Listening for client (C:\Users\Doni Yusdinar\Documents\GitHub\MissionPlanner\AeroTerraPlanner\Utilities\httpserver.cs:80) [motion jpg stream-network kml]
2016-05-09 10:52:17,454  INFO MissionPlanner.Common - http://alp.u-blox.com/current_1d.alp (C:\Users\Doni Yusdinar\Documents\GitHub\MissionPlanner\AeroTerraPlanner\Common.cs:630) [14]
2016-05-09 10:52:17,642  INFO MissionPlanner.MainV2 - Loaded 4824 airports (C:\Users\Doni Yusdinar\Documents\GitHub\MissionPlanner\AeroTerraPlanner\MainV2.cs:853) [4]
2016-05-09 10:52:18,279  INFO MissionPlanner.Utilities.Firmware - getFWList (C:\Users\Doni Yusdinar\Documents\GitHub\MissionPlanner\AeroTerraPlanner\Utilities\Firmware.cs:178) [16]
2016-05-09 10:52:18,281  INFO MissionPlanner.Utilities.Firmware - url: https://raw.github.com/diydrones/binary/master/Firmware/firmware2.xml (C:\Users\Doni Yusdinar\Documents\GitHub\MissionPlanner\AeroTerraPlanner\Utilities\Firmware.cs:213) [16]
2016-05-09 10:52:18,588 DEBUG MissionPlanner.Utilities.Tracking - v=1&tid=UA-43098846-1&cid=56981258-23b4-48da-a5cc-7418b9d41210&t=timing&an=Mission+Planner&av=1.3.32&cd=&dp=&utc=AppLoad&utv=Load+Time&utt=7301&utl=&sc=start&ul=en-US&sd=32-bits&sr=1366x768&cd1=Microsoft+Windows+NT+6.1.7601+Service+Pack+1&cd4=4&z=1984223921 (C:\Users\Doni Yusdinar\Documents\GitHub\MissionPlanner\ExtLibs\Utilities\Tracking.cs:276) [4]
2016-05-09 10:52:18,983  INFO MissionPlanner.Common - OK (C:\Users\Doni Yusdinar\Documents\GitHub\MissionPlanner\AeroTerraPlanner\Common.cs:639) [14]
2016-05-09 10:52:19,027 DEBUG MissionPlanner.Common - C:\Users\Doni Yusdinar\Documents\GitHub\MissionPlanner\AeroTerraPlanner\bin\Debug\current_d1.alp 10108 (C:\Users\Doni Yusdinar\Documents\GitHub\MissionPlanner\AeroTerraPlanner\Common.cs:678) [14]
2016-05-09 10:52:19,027 DEBUG MissionPlanner.Common - C:\Users\Doni Yusdinar\Documents\GitHub\MissionPlanner\AeroTerraPlanner\bin\Debug\current_d1.alp 9084 (C:\Users\Doni Yusdinar\Documents\GitHub\MissionPlanner\AeroTerraPlanner\Common.cs:678) [14]
2016-05-09 10:52:19,027 DEBUG MissionPlanner.Common - C:\Users\Doni Yusdinar\Documents\GitHub\MissionPlanner\AeroTerraPlanner\bin\Debug\current_d1.alp 8060 (C:\Users\Doni Yusdinar\Documents\GitHub\MissionPlanner\AeroTerraPlanner\Common.cs:678) [14]
2016-05-09 10:52:19,028 DEBUG MissionPlanner.Common - C:\Users\Doni Yusdinar\Documents\GitHub\MissionPlanner\AeroTerraPlanner\bin\Debug\current_d1.alp 7036 (C:\Users\Doni Yusdinar\Documents\GitHub\MissionPlanner\AeroTerraPlanner\Common.cs:678) [14]
2016-05-09 10:52:19,028 DEBUG MissionPlanner.Common - C:\Users\Doni Yusdinar\Documents\GitHub\MissionPlanner\AeroTerraPlanner\bin\Debug\current_d1.alp 6328 (C:\Users\Doni Yusdinar\Documents\GitHub\MissionPlanner\AeroTerraPlanner\Common.cs:678) [14]
2016-05-09 10:52:19,038 DEBUG MissionPlanner.Common - C:\Users\Doni Yusdinar\Documents\GitHub\MissionPlanner\AeroTerraPlanner\bin\Debug\current_d1.alp 5304 (C:\Users\Doni Yusdinar\Documents\GitHub\MissionPlanner\AeroTerraPlanner\Common.cs:678) [14]
2016-05-09 10:52:19,038 DEBUG MissionPlanner.Common - C:\Users\Doni Yusdinar\Documents\GitHub\MissionPlanner\AeroTerraPlanner\bin\Debug\current_d1.alp 4280 (C:\Users\Doni Yusdinar\Documents\GitHub\MissionPlanner\AeroTerraPlanner\Common.cs:678) [14]
2016-05-09 10:52:19,039 DEBUG MissionPlanner.Common - C:\Users\Doni Yusdinar\Documents\GitHub\MissionPlanner\AeroTerraPlanner\bin\Debug\current_d1.alp 3256 (C:\Users\Doni Yusdinar\Documents\GitHub\MissionPlanner\AeroTerraPlanner\Common.cs:678) [14]
2016-05-09 10:52:19,039 DEBUG MissionPlanner.Common - C:\Users\Doni Yusdinar\Documents\GitHub\MissionPlanner\AeroTerraPlanner\bin\Debug\current_d1.alp 2232 (C:\Users\Doni Yusdinar\Documents\GitHub\MissionPlanner\AeroTerraPlanner\Common.cs:678) [14]
2016-05-09 10:52:19,039 DEBUG MissionPlanner.Common - C:\Users\Doni Yusdinar\Documents\GitHub\MissionPlanner\AeroTerraPlanner\bin\Debug\current_d1.alp 1208 (C:\Users\Doni Yusdinar\Documents\GitHub\MissionPlanner\AeroTerraPlanner\Common.cs:678) [14]
2016-05-09 10:52:19,039 DEBUG MissionPlanner.Common - C:\Users\Doni Yusdinar\Documents\GitHub\MissionPlanner\AeroTerraPlanner\bin\Debug\current_d1.alp 184 (C:\Users\Doni Yusdinar\Documents\GitHub\MissionPlanner\AeroTerraPlanner\Common.cs:678) [14]
2016-05-09 10:52:19,052 DEBUG MissionPlanner.Utilities.Update - C:\Users\Doni Yusdinar\Documents\GitHub\MissionPlanner\AeroTerraPlanner\bin\Debug\version.txt (C:\Users\Doni Yusdinar\Documents\GitHub\MissionPlanner\AeroTerraPlanner\Utilities\Update.cs:102) [14]
2016-05-09 10:52:19,053  INFO MissionPlanner.Utilities.Update - Checking for update at: http://firmware.diydrones.com/MissionPlanner/upgrade/version.txt (C:\Users\Doni Yusdinar\Documents\GitHub\MissionPlanner\AeroTerraPlanner\Utilities\Update.cs:106) [14]
2016-05-09 10:52:19,073 DEBUG MissionPlanner.Utilities.Tracking - OK (C:\Users\Doni Yusdinar\Documents\GitHub\MissionPlanner\ExtLibs\Utilities\Tracking.cs:288) [4]
2016-05-09 10:52:20,282  INFO MissionPlanner.Utilities.Firmware - Get url http://firmware.ardupilot.org/Plane/stable/PX4/git-version.txt (C:\Users\Doni Yusdinar\Documents\GitHub\MissionPlanner\AeroTerraPlanner\Utilities\Firmware.cs:431) [4]
2016-05-09 10:52:20,863  INFO MissionPlanner.Utilities.Firmware - Get url http://firmware.ardupilot.org/Rover/stable/PX4/git-version.txt (C:\Users\Doni Yusdinar\Documents\GitHub\MissionPlanner\AeroTerraPlanner\Utilities\Firmware.cs:431) [20]
2016-05-09 10:52:21,153  INFO MissionPlanner.Utilities.Firmware - APMVERSION: ArduPlane V3.5.3 (C:\Users\Doni Yusdinar\Documents\GitHub\MissionPlanner\AeroTerraPlanner\Utilities\Firmware.cs:446) [4]
2016-05-09 10:52:21,162  INFO MissionPlanner.Utilities.Firmware - Get url http://firmware.ardupilot.org/Copter/stable/PX4-quad/git-version.txt (C:\Users\Doni Yusdinar\Documents\GitHub\MissionPlanner\AeroTerraPlanner\Utilities\Firmware.cs:431) [4]
2016-05-09 10:52:21,200 DEBUG MissionPlanner.Utilities.Update - Response status: OK (C:\Users\Doni Yusdinar\Documents\GitHub\MissionPlanner\AeroTerraPlanner\Utilities\Update.cs:121) [14]
2016-05-09 10:52:21,202  INFO MissionPlanner.Utilities.Update - New file Check: local 1.1.5973.19531 vs Remote 1.1.5917.13431 (C:\Users\Doni Yusdinar\Documents\GitHub\MissionPlanner\AeroTerraPlanner\Utilities\Update.cs:147) [14]
2016-05-09 10:52:21,203  INFO MissionPlanner.Utilities.Firmware - Get url http://firmware.ardupilot.org/Copter/stable/PX4-tri/git-version.txt (C:\Users\Doni Yusdinar\Documents\GitHub\MissionPlanner\AeroTerraPlanner\Utilities\Firmware.cs:431) [14]
2016-05-09 10:52:21,511  INFO MissionPlanner.Utilities.Firmware - APMVERSION: APM:Copter V3.3.3 (C:\Users\Doni Yusdinar\Documents\GitHub\MissionPlanner\AeroTerraPlanner\Utilities\Firmware.cs:446) [4]
2016-05-09 10:52:21,512  INFO MissionPlanner.Utilities.Firmware - Get url http://firmware.ardupilot.org/Copter/stable/PX4-hexa/git-version.txt (C:\Users\Doni Yusdinar\Documents\GitHub\MissionPlanner\AeroTerraPlanner\Utilities\Firmware.cs:431) [4]
2016-05-09 10:52:21,511  INFO MissionPlanner.Utilities.Firmware - APMVERSION: ArduRover v3.0.0 (C:\Users\Doni Yusdinar\Documents\GitHub\MissionPlanner\AeroTerraPlanner\Utilities\Firmware.cs:446) [20]
2016-05-09 10:52:21,514  INFO MissionPlanner.Utilities.Firmware - Get url http://firmware.ardupilot.org/Copter/stable/PX4-y6/git-version.txt (C:\Users\Doni Yusdinar\Documents\GitHub\MissionPlanner\AeroTerraPlanner\Utilities\Firmware.cs:431) [20]
2016-05-09 10:52:21,544  INFO MissionPlanner.Utilities.Firmware - APMVERSION: APM:Copter V3.3.3 (C:\Users\Doni Yusdinar\Documents\GitHub\MissionPlanner\AeroTerraPlanner\Utilities\Firmware.cs:446) [14]
2016-05-09 10:52:21,545  INFO MissionPlanner.Utilities.Firmware - Get url http://firmware.ardupilot.org/Copter/stable/PX4-octa-quad/git-version.txt (C:\Users\Doni Yusdinar\Documents\GitHub\MissionPlanner\AeroTerraPlanner\Utilities\Firmware.cs:431) [14]
2016-05-09 10:52:21,825  INFO MissionPlanner.Utilities.Firmware - APMVERSION: APM:Copter V3.3.3 (C:\Users\Doni Yusdinar\Documents\GitHub\MissionPlanner\AeroTerraPlanner\Utilities\Firmware.cs:446) [4]
2016-05-09 10:52:21,826  INFO MissionPlanner.Utilities.Firmware - Get url http://firmware.ardupilot.org/Copter/stable/PX4-octa/git-version.txt (C:\Users\Doni Yusdinar\Documents\GitHub\MissionPlanner\AeroTerraPlanner\Utilities\Firmware.cs:431) [4]
2016-05-09 10:52:21,831  INFO MissionPlanner.Utilities.Firmware - APMVERSION: APM:Copter V3.3.3 (C:\Users\Doni Yusdinar\Documents\GitHub\MissionPlanner\AeroTerraPlanner\Utilities\Firmware.cs:446) [20]
2016-05-09 10:52:21,833  INFO MissionPlanner.Utilities.Firmware - Get url http://firmware.ardupilot.org/Copter/stable/PX4-heli/git-version.txt (C:\Users\Doni Yusdinar\Documents\GitHub\MissionPlanner\AeroTerraPlanner\Utilities\Firmware.cs:431) [20]
2016-05-09 10:52:21,862  INFO MissionPlanner.Utilities.Firmware - APMVERSION: APM:Copter V3.3.3 (C:\Users\Doni Yusdinar\Documents\GitHub\MissionPlanner\AeroTerraPlanner\Utilities\Firmware.cs:446) [14]
2016-05-09 10:52:21,863  INFO MissionPlanner.Utilities.Firmware - Get url http://firmware.ardupilot.org/Copter/stable/PX4-quad-hil/git-version.txt (C:\Users\Doni Yusdinar\Documents\GitHub\MissionPlanner\AeroTerraPlanner\Utilities\Firmware.cs:431) [14]
2016-05-09 10:52:22,123  INFO MissionPlanner.Utilities.Firmware - APMVERSION: APM:Copter V3.3.3 (C:\Users\Doni Yusdinar\Documents\GitHub\MissionPlanner\AeroTerraPlanner\Utilities\Firmware.cs:446) [4]
2016-05-09 10:52:22,124  INFO MissionPlanner.Utilities.Firmware - Get url http://firmware.ardupilot.org/Copter/stable/PX4-heli-hil/git-version.txt (C:\Users\Doni Yusdinar\Documents\GitHub\MissionPlanner\AeroTerraPlanner\Utilities\Firmware.cs:431) [4]
2016-05-09 10:52:22,137  INFO MissionPlanner.Utilities.Firmware - APMVERSION: APM:Copter V3.3.3 (C:\Users\Doni Yusdinar\Documents\GitHub\MissionPlanner\AeroTerraPlanner\Utilities\Firmware.cs:446) [20]
2016-05-09 10:52:22,137  INFO MissionPlanner.Utilities.Firmware - Get url http://firmware.ardupilot.org/AntennaTracker/stable/PX4/git-version.txt (C:\Users\Doni Yusdinar\Documents\GitHub\MissionPlanner\AeroTerraPlanner\Utilities\Firmware.cs:431) [20]
2016-05-09 10:52:22,164  INFO MissionPlanner.Utilities.Firmware - APMVERSION: ArduCopter V3.2.1 (C:\Users\Doni Yusdinar\Documents\GitHub\MissionPlanner\AeroTerraPlanner\Utilities\Firmware.cs:446) [14]
2016-05-09 10:52:22,164  INFO MissionPlanner.Utilities.Firmware - Get url http://px4-travis.s3.amazonaws.com/Firmware/stable/git-version.txt (C:\Users\Doni Yusdinar\Documents\GitHub\MissionPlanner\AeroTerraPlanner\Utilities\Firmware.cs:431) [14]
2016-05-09 10:52:22,511  INFO MissionPlanner.Utilities.Firmware - APMVERSION: AntennaTracker V0.7.6 (C:\Users\Doni Yusdinar\Documents\GitHub\MissionPlanner\AeroTerraPlanner\Utilities\Firmware.cs:446) [20]
2016-05-09 10:52:22,530  INFO MissionPlanner.Utilities.Firmware - APMVERSION: ArduCopter V3.2.1 (C:\Users\Doni Yusdinar\Documents\GitHub\MissionPlanner\AeroTerraPlanner\Utilities\Firmware.cs:446) [4]
2016-05-09 10:52:22,821  INFO MissionPlanner.Utilities.KIndex - K-Index is 6 (C:\Users\Doni Yusdinar\Documents\GitHub\MissionPlanner\ExtLibs\Utilities\KIndex.cs:53) [17]
2016-05-09 10:52:22,848 ERROR MissionPlanner.Utilities.Firmware - System.Net.WebException: The remote server returned an error: (404) Not Found.
   at System.Net.HttpWebRequest.GetResponse()
   at MissionPlanner.Utilities.Firmware.getAPMVersion(Object tempin) in C:\Users\Doni Yusdinar\Documents\GitHub\MissionPlanner\AeroTerraPlanner\Utilities\Firmware.cs:line 436 (C:\Users\Doni Yusdinar\Documents\GitHub\MissionPlanner\AeroTerraPlanner\Utilities\Firmware.cs:465) [14]
2016-05-09 10:52:22,960  INFO MissionPlanner.Utilities.Firmware - load done (C:\Users\Doni Yusdinar\Documents\GitHub\MissionPlanner\AeroTerraPlanner\Utilities\Firmware.cs:362) [16]
2016-05-09 10:52:24,987 DEBUG MissionPlanner.Utilities.Tracking - v=1&tid=UA-43098846-1&cid=56981258-23b4-48da-a5cc-7418b9d41210&t=appview&an=Mission+Planner&av=1.3.32&cd=MissionPlanner.GCSViews.FlightPlanner&dp=MissionPlanner.GCSViews.FlightPlanner&dt=FlightPlanner&ul=en-US&sd=32-bits&sr=1366x768&cd1=Microsoft+Windows+NT+6.1.7601+Service+Pack+1&cd4=4&z=765117971 (C:\Users\Doni Yusdinar\Documents\GitHub\MissionPlanner\ExtLibs\Utilities\Tracking.cs:276) [21]
2016-05-09 10:52:24,990  INFO MissionPlanner.GCSViews.FlightPlanner - Loading wp params (C:\Users\Doni Yusdinar\Documents\GitHub\MissionPlanner\AeroTerraPlanner\GCSViews\FlightPlanner.cs:2262) [Base Thread]
2016-05-09 10:52:25,211  INFO MissionPlanner.GCSViews.FlightPlanner - param WP_RADIUS 30 (C:\Users\Doni Yusdinar\Documents\GitHub\MissionPlanner\AeroTerraPlanner\GCSViews\FlightPlanner.cs:2275) [Base Thread]
2016-05-09 10:52:25,212  INFO MissionPlanner.GCSViews.FlightPlanner - param LOITER_RADIUS 45 (C:\Users\Doni Yusdinar\Documents\GitHub\MissionPlanner\AeroTerraPlanner\GCSViews\FlightPlanner.cs:2291) [Base Thread]
2016-05-09 10:52:25,360 DEBUG MissionPlanner.Utilities.Tracking - OK (C:\Users\Doni Yusdinar\Documents\GitHub\MissionPlanner\ExtLibs\Utilities\Tracking.cs:288) [21]
2016-05-09 10:52:28,475  INFO MissionPlanner.MainV2 - MainV2_FormClosing (C:\Users\Doni Yusdinar\Documents\GitHub\MissionPlanner\AeroTerraPlanner\MainV2.cs:1517) [Base Thread]
2016-05-09 10:52:28,477  INFO MissionPlanner.Utilities.adsb - adsb stop (C:\Users\Doni Yusdinar\Documents\GitHub\MissionPlanner\ExtLibs\Utilities\adsb.cs:50) [Base Thread]
2016-05-09 10:52:28,478  INFO MissionPlanner.Utilities.adsb - adsb stopped (C:\Users\Doni Yusdinar\Documents\GitHub\MissionPlanner\ExtLibs\Utilities\adsb.cs:60) [Base Thread]
2016-05-09 10:52:28,558  INFO MissionPlanner.MainV2 - closing pluginthread (C:\Users\Doni Yusdinar\Documents\GitHub\MissionPlanner\AeroTerraPlanner\MainV2.cs:1546) [Base Thread]
2016-05-09 10:52:28,762  INFO MissionPlanner.MainV2 - closing serialthread (C:\Users\Doni Yusdinar\Documents\GitHub\MissionPlanner\AeroTerraPlanner\MainV2.cs:1553) [Base Thread]
2016-05-09 10:52:28,863  INFO MissionPlanner.MainV2 - closing joystickthread (C:\Users\Doni Yusdinar\Documents\GitHub\MissionPlanner\AeroTerraPlanner\MainV2.cs:1560) [Base Thread]
2016-05-09 10:52:28,881  INFO MissionPlanner.MainV2 - closing httpthread (C:\Users\Doni Yusdinar\Documents\GitHub\MissionPlanner\AeroTerraPlanner\MainV2.cs:1567) [Base Thread]
2016-05-09 10:52:28,881  INFO MissionPlanner.MainV2 - sorting tlogs (C:\Users\Doni Yusdinar\Documents\GitHub\MissionPlanner\AeroTerraPlanner\MainV2.cs:1572) [Base Thread]
2016-05-09 10:52:28,882  INFO MissionPlanner.MainV2 - closing MyView (C:\Users\Doni Yusdinar\Documents\GitHub\MissionPlanner\AeroTerraPlanner\MainV2.cs:1591) [Base Thread]
2016-05-09 10:52:28,902  INFO MissionPlanner.MainV2 - closing fd (C:\Users\Doni Yusdinar\Documents\GitHub\MissionPlanner\AeroTerraPlanner\MainV2.cs:1596) [Base Thread]
2016-05-09 10:52:28,906  INFO MissionPlanner.MainV2 - closing fp (C:\Users\Doni Yusdinar\Documents\GitHub\MissionPlanner\AeroTerraPlanner\MainV2.cs:1604) [Base Thread]
2016-05-09 10:52:28,907  INFO MissionPlanner.MainV2 - closing sim (C:\Users\Doni Yusdinar\Documents\GitHub\MissionPlanner\AeroTerraPlanner\MainV2.cs:1612) [Base Thread]
2016-05-09 10:52:28,907  INFO MissionPlanner.MainV2 - Saving config (C:\Users\Doni Yusdinar\Documents\GitHub\MissionPlanner\AeroTerraPlanner\MainV2.cs:1674) [Base Thread]
2016-05-09 10:52:28,910  INFO MissionPlanner.MainV2 - MainV2_FormClosing done (C:\Users\Doni Yusdinar\Documents\GitHub\MissionPlanner\AeroTerraPlanner\MainV2.cs:1638) [Base Thread]
